<?xml version="1.0" encoding="UTF-8"?>
<!-- Generated by org.testng.reporters.JUnitReportReporter -->
<testsuite skipped="0" hostname="DESKTOP-CN27GS5" name="testng.Pro002_SimpleTest" tests="5" failures="0" timestamp="28 Feb 2021 20:09:14 GMT" time="0.035" errors="0">
  <testcase name="destory1" time="0.030" classname="testng.Pro002_SimpleTest"/>
  <testcase name="init" time="0.000" classname="testng.Pro002_SimpleTest"/>
  <testcase name="display01" time="0.000" classname="testng.Pro002_SimpleTest"/>
  <testcase name="display02" time="0.000" classname="testng.Pro002_SimpleTest"/>
  <testcase name="destory" time="0.005" classname="testng.Pro002_SimpleTest"/>
</testsuite> <!-- testng.Pro002_SimpleTest -->
