<?xml version="1.0" encoding="UTF-8"?>
<!-- Generated by org.testng.reporters.JUnitReportReporter -->
<testsuite skipped="0" hostname="DESKTOP-CN27GS5" name="testng.Pro001_SimpleTest" tests="4" failures="0" timestamp="28 Feb 2021 20:05:37 GMT" time="0.020" errors="0">
  <testcase name="destory" time="0.020" classname="testng.Pro001_SimpleTest"/>
  <testcase name="display01" time="0.000" classname="testng.Pro001_SimpleTest"/>
  <testcase name="init" time="0.000" classname="testng.Pro001_SimpleTest"/>
  <testcase name="display02" time="0.000" classname="testng.Pro001_SimpleTest"/>
</testsuite> <!-- testng.Pro001_SimpleTest -->
