<?xml version="1.0" encoding="UTF-8"?>
<!-- Generated by org.testng.reporters.JUnitReportReporter -->
<testsuite skipped="0" hostname="DESKTOP-CN27GS5" name="revisionwork.revisionwork.GoogleData2" tests="90" failures="0" timestamp="12 Feb 2021 14:38:39 GMT" time="1295.671" errors="2">
  <testcase name="urlpart" time="13.898" classname="revisionwork.revisionwork.GoogleData2"/>
  <testcase name="urlpart" time="16.400" classname="revisionwork.revisionwork.GoogleData2"/>
  <testcase name="urlpart" time="13.536" classname="revisionwork.revisionwork.GoogleData2"/>
  <testcase name="urlpart" time="13.681" classname="revisionwork.revisionwork.GoogleData2"/>
  <testcase name="urlpart" time="16.124" classname="revisionwork.revisionwork.GoogleData2"/>
  <testcase name="urlpart" time="13.923" classname="revisionwork.revisionwork.GoogleData2"/>
  <testcase name="urlpart" time="14.264" classname="revisionwork.revisionwork.GoogleData2"/>
  <testcase name="urlpart" time="14.978" classname="revisionwork.revisionwork.GoogleData2"/>
  <testcase name="urlpart" time="15.469" classname="revisionwork.revisionwork.GoogleData2"/>
  <testcase name="urlpart" time="15.974" classname="revisionwork.revisionwork.GoogleData2"/>
  <testcase name="urlpart" time="15.722" classname="revisionwork.revisionwork.GoogleData2"/>
  <testcase name="urlpart" time="14.351" classname="revisionwork.revisionwork.GoogleData2"/>
  <testcase name="urlpart" time="14.633" classname="revisionwork.revisionwork.GoogleData2"/>
  <testcase name="urlpart" time="14.307" classname="revisionwork.revisionwork.GoogleData2"/>
  <testcase name="urlpart" time="13.577" classname="revisionwork.revisionwork.GoogleData2"/>
  <testcase name="urlpart" time="13.919" classname="revisionwork.revisionwork.GoogleData2"/>
  <testcase name="urlpart" time="14.344" classname="revisionwork.revisionwork.GoogleData2"/>
  <testcase name="urlpart" time="14.150" classname="revisionwork.revisionwork.GoogleData2"/>
  <testcase name="urlpart" time="16.851" classname="revisionwork.revisionwork.GoogleData2"/>
  <testcase name="urlpart" time="17.955" classname="revisionwork.revisionwork.GoogleData2"/>
  <testcase name="urlpart" time="16.369" classname="revisionwork.revisionwork.GoogleData2"/>
  <testcase name="urlpart" time="16.440" classname="revisionwork.revisionwork.GoogleData2"/>
  <testcase name="urlpart" time="13.856" classname="revisionwork.revisionwork.GoogleData2"/>
  <testcase name="urlpart" time="14.470" classname="revisionwork.revisionwork.GoogleData2"/>
  <testcase name="urlpart" time="13.728" classname="revisionwork.revisionwork.GoogleData2"/>
  <testcase name="urlpart" time="14.219" classname="revisionwork.revisionwork.GoogleData2"/>
  <testcase name="urlpart" time="14.152" classname="revisionwork.revisionwork.GoogleData2"/>
  <testcase name="urlpart" time="14.281" classname="revisionwork.revisionwork.GoogleData2"/>
  <testcase name="urlpart" time="14.006" classname="revisionwork.revisionwork.GoogleData2"/>
  <testcase name="urlpart" time="13.930" classname="revisionwork.revisionwork.GoogleData2"/>
  <testcase name="urlpart" time="13.788" classname="revisionwork.revisionwork.GoogleData2"/>
  <testcase name="urlpart" time="14.582" classname="revisionwork.revisionwork.GoogleData2"/>
  <testcase name="urlpart" time="14.544" classname="revisionwork.revisionwork.GoogleData2"/>
  <testcase name="urlpart" time="14.402" classname="revisionwork.revisionwork.GoogleData2"/>
  <testcase name="urlpart" time="14.170" classname="revisionwork.revisionwork.GoogleData2"/>
  <testcase name="urlpart" time="14.004" classname="revisionwork.revisionwork.GoogleData2"/>
  <testcase name="urlpart" time="15.452" classname="revisionwork.revisionwork.GoogleData2"/>
  <testcase name="urlpart" time="16.326" classname="revisionwork.revisionwork.GoogleData2"/>
  <testcase name="urlpart" time="14.770" classname="revisionwork.revisionwork.GoogleData2"/>
  <testcase name="urlpart" time="13.823" classname="revisionwork.revisionwork.GoogleData2"/>
  <testcase name="urlpart" time="14.015" classname="revisionwork.revisionwork.GoogleData2"/>
  <testcase name="urlpart" time="13.303" classname="revisionwork.revisionwork.GoogleData2"/>
  <testcase name="urlpart" time="16.743" classname="revisionwork.revisionwork.GoogleData2"/>
  <testcase name="urlpart" time="13.732" classname="revisionwork.revisionwork.GoogleData2"/>
  <testcase name="urlpart" time="14.606" classname="revisionwork.revisionwork.GoogleData2"/>
  <testcase name="urlpart" time="5.513" classname="revisionwork.revisionwork.GoogleData2">
    <error type="java.lang.IllegalArgumentException" message="Keys to send should be a not null CharSequence">
      <![CDATA[java.lang.IllegalArgumentException: Keys to send should be a not null CharSequence
at org.openqa.selenium.remote.RemoteWebElement.sendKeys(RemoteWebElement.java:97)
at revisionwork.revisionwork.GoogleData2.urlpart(GoogleData2.java:76)
at sun.reflect.GeneratedMethodAccessor3.invoke(Unknown Source)
at sun.reflect.DelegatingMethodAccessorImpl.invoke(Unknown Source)
at java.lang.reflect.Method.invoke(Unknown Source)
at org.testng.internal.MethodInvocationHelper.invokeMethod(MethodInvocationHelper.java:124)
at org.testng.internal.Invoker.invokeMethod(Invoker.java:583)
at org.testng.internal.Invoker.invokeTestMethod(Invoker.java:719)
at org.testng.internal.Invoker.invokeTestMethods(Invoker.java:989)
at org.testng.internal.TestMethodWorker.invokeTestMethods(TestMethodWorker.java:125)
at org.testng.internal.TestMethodWorker.run(TestMethodWorker.java:109)
at org.testng.TestRunner.privateRun(TestRunner.java:648)
at org.testng.TestRunner.run(TestRunner.java:505)
at org.testng.SuiteRunner.runTest(SuiteRunner.java:455)
at org.testng.SuiteRunner.runSequentially(SuiteRunner.java:450)
at org.testng.SuiteRunner.privateRun(SuiteRunner.java:415)
at org.testng.SuiteRunner.run(SuiteRunner.java:364)
at org.testng.SuiteRunnerWorker.runSuite(SuiteRunnerWorker.java:52)
at org.testng.SuiteRunnerWorker.run(SuiteRunnerWorker.java:84)
at org.testng.TestNG.runSuitesSequentially(TestNG.java:1208)
at org.testng.TestNG.runSuitesLocally(TestNG.java:1137)
at org.testng.TestNG.runSuites(TestNG.java:1049)
at org.testng.TestNG.run(TestNG.java:1017)
at org.testng.remote.AbstractRemoteTestNG.run(AbstractRemoteTestNG.java:115)
at org.testng.remote.RemoteTestNG.initAndRun(RemoteTestNG.java:251)
at org.testng.remote.RemoteTestNG.main(RemoteTestNG.java:77)
]]>
    </error>
  </testcase> <!-- urlpart -->
  <testcase name="urlpart" time="13.137" classname="revisionwork.revisionwork.GoogleData2"/>
  <testcase name="urlpart" time="14.652" classname="revisionwork.revisionwork.GoogleData2"/>
  <testcase name="urlpart" time="14.933" classname="revisionwork.revisionwork.GoogleData2"/>
  <testcase name="urlpart" time="16.878" classname="revisionwork.revisionwork.GoogleData2"/>
  <testcase name="urlpart" time="14.203" classname="revisionwork.revisionwork.GoogleData2"/>
  <testcase name="urlpart" time="13.398" classname="revisionwork.revisionwork.GoogleData2"/>
  <testcase name="urlpart" time="14.128" classname="revisionwork.revisionwork.GoogleData2"/>
  <testcase name="urlpart" time="14.459" classname="revisionwork.revisionwork.GoogleData2"/>
  <testcase name="urlpart" time="14.195" classname="revisionwork.revisionwork.GoogleData2"/>
  <testcase name="urlpart" time="14.205" classname="revisionwork.revisionwork.GoogleData2"/>
  <testcase name="urlpart" time="13.732" classname="revisionwork.revisionwork.GoogleData2"/>
  <testcase name="urlpart" time="14.977" classname="revisionwork.revisionwork.GoogleData2"/>
  <testcase name="urlpart" time="4.850" classname="revisionwork.revisionwork.GoogleData2">
    <error type="java.lang.IllegalArgumentException" message="Keys to send should be a not null CharSequence">
      <![CDATA[java.lang.IllegalArgumentException: Keys to send should be a not null CharSequence
at org.openqa.selenium.remote.RemoteWebElement.sendKeys(RemoteWebElement.java:97)
at revisionwork.revisionwork.GoogleData2.urlpart(GoogleData2.java:76)
at sun.reflect.GeneratedMethodAccessor3.invoke(Unknown Source)
at sun.reflect.DelegatingMethodAccessorImpl.invoke(Unknown Source)
at java.lang.reflect.Method.invoke(Unknown Source)
at org.testng.internal.MethodInvocationHelper.invokeMethod(MethodInvocationHelper.java:124)
at org.testng.internal.Invoker.invokeMethod(Invoker.java:583)
at org.testng.internal.Invoker.invokeTestMethod(Invoker.java:719)
at org.testng.internal.Invoker.invokeTestMethods(Invoker.java:989)
at org.testng.internal.TestMethodWorker.invokeTestMethods(TestMethodWorker.java:125)
at org.testng.internal.TestMethodWorker.run(TestMethodWorker.java:109)
at org.testng.TestRunner.privateRun(TestRunner.java:648)
at org.testng.TestRunner.run(TestRunner.java:505)
at org.testng.SuiteRunner.runTest(SuiteRunner.java:455)
at org.testng.SuiteRunner.runSequentially(SuiteRunner.java:450)
at org.testng.SuiteRunner.privateRun(SuiteRunner.java:415)
at org.testng.SuiteRunner.run(SuiteRunner.java:364)
at org.testng.SuiteRunnerWorker.runSuite(SuiteRunnerWorker.java:52)
at org.testng.SuiteRunnerWorker.run(SuiteRunnerWorker.java:84)
at org.testng.TestNG.runSuitesSequentially(TestNG.java:1208)
at org.testng.TestNG.runSuitesLocally(TestNG.java:1137)
at org.testng.TestNG.runSuites(TestNG.java:1049)
at org.testng.TestNG.run(TestNG.java:1017)
at org.testng.remote.AbstractRemoteTestNG.run(AbstractRemoteTestNG.java:115)
at org.testng.remote.RemoteTestNG.initAndRun(RemoteTestNG.java:251)
at org.testng.remote.RemoteTestNG.main(RemoteTestNG.java:77)
]]>
    </error>
  </testcase> <!-- urlpart -->
  <testcase name="urlpart" time="13.419" classname="revisionwork.revisionwork.GoogleData2"/>
  <testcase name="urlpart" time="14.363" classname="revisionwork.revisionwork.GoogleData2"/>
  <testcase name="urlpart" time="14.455" classname="revisionwork.revisionwork.GoogleData2"/>
  <testcase name="urlpart" time="17.108" classname="revisionwork.revisionwork.GoogleData2"/>
  <testcase name="urlpart" time="14.089" classname="revisionwork.revisionwork.GoogleData2"/>
  <testcase name="urlpart" time="14.114" classname="revisionwork.revisionwork.GoogleData2"/>
  <testcase name="urlpart" time="14.266" classname="revisionwork.revisionwork.GoogleData2"/>
  <testcase name="urlpart" time="15.970" classname="revisionwork.revisionwork.GoogleData2"/>
  <testcase name="urlpart" time="14.101" classname="revisionwork.revisionwork.GoogleData2"/>
  <testcase name="urlpart" time="14.103" classname="revisionwork.revisionwork.GoogleData2"/>
  <testcase name="urlpart" time="13.418" classname="revisionwork.revisionwork.GoogleData2"/>
  <testcase name="urlpart" time="15.583" classname="revisionwork.revisionwork.GoogleData2"/>
  <testcase name="urlpart" time="13.681" classname="revisionwork.revisionwork.GoogleData2"/>
  <testcase name="urlpart" time="13.669" classname="revisionwork.revisionwork.GoogleData2"/>
  <testcase name="urlpart" time="14.561" classname="revisionwork.revisionwork.GoogleData2"/>
  <testcase name="urlpart" time="13.755" classname="revisionwork.revisionwork.GoogleData2"/>
  <testcase name="urlpart" time="13.970" classname="revisionwork.revisionwork.GoogleData2"/>
  <testcase name="urlpart" time="17.100" classname="revisionwork.revisionwork.GoogleData2"/>
  <testcase name="urlpart" time="14.196" classname="revisionwork.revisionwork.GoogleData2"/>
  <testcase name="urlpart" time="15.932" classname="revisionwork.revisionwork.GoogleData2"/>
  <testcase name="urlpart" time="14.295" classname="revisionwork.revisionwork.GoogleData2"/>
  <testcase name="urlpart" time="16.204" classname="revisionwork.revisionwork.GoogleData2"/>
  <testcase name="urlpart" time="14.404" classname="revisionwork.revisionwork.GoogleData2"/>
  <testcase name="urlpart" time="14.227" classname="revisionwork.revisionwork.GoogleData2"/>
  <testcase name="urlpart" time="13.952" classname="revisionwork.revisionwork.GoogleData2"/>
  <testcase name="urlpart" time="14.513" classname="revisionwork.revisionwork.GoogleData2"/>
  <testcase name="urlpart" time="14.574" classname="revisionwork.revisionwork.GoogleData2"/>
  <testcase name="urlpart" time="14.718" classname="revisionwork.revisionwork.GoogleData2"/>
  <testcase name="urlpart" time="13.681" classname="revisionwork.revisionwork.GoogleData2"/>
  <testcase name="urlpart" time="14.117" classname="revisionwork.revisionwork.GoogleData2"/>
  <testcase name="urlpart" time="14.106" classname="revisionwork.revisionwork.GoogleData2"/>
</testsuite> <!-- revisionwork.revisionwork.GoogleData2 -->
