<?xml version="1.0" encoding="UTF-8"?>
<!-- Generated by org.testng.reporters.JUnitReportReporter -->
<testsuite skipped="0" hostname="DESKTOP-CN27GS5" name="testng.Pro003_MoreAnnotations" tests="2" failures="0" timestamp="2021-02-28T22:23:02 EST" time="0.015" errors="0">
  <testcase name="myTest1" time="0.010" classname="testng.Pro003_MoreAnnotations"/>
  <system-out/>
  <testcase name="myTest" time="0.005" classname="testng.Pro003_MoreAnnotations"/>
  <system-out/>
</testsuite> <!-- testng.Pro003_MoreAnnotations -->
